[2025/7/12 16:29:08] [Info] start convert (Imported QV-601-Contril.PrjPcb) ...
[2025/7/12 16:29:08] [Info] unrecognized RECORD name EngineeringChangeOrderOptions
[2025/7/12 16:29:08] [Info] unrecognized RECORD name OutputOptions
[2025/7/12 16:29:08] [Info] unrecognized RECORD name OutputOptions
[2025/7/12 16:29:08] [Info] unrecognized RECORD name PrinterOptions
[2025/7/12 16:29:08] [Info] unrecognized RECORD name PrinterOptions
[2025/7/12 16:29:08] [Info] unrecognized RECORD name PrinterOptions
[2025/7/12 16:29:08] [Info] unrecognized RECORD name PrinterOptions
[2025/7/12 16:29:08] [Info] unrecognized RECORD name PrinterOptions
[2025/7/12 16:29:08] [Info] unrecognized RECORD name PrinterOptions
[2025/7/12 16:29:08] [Info] unrecognized RECORD name PrinterOptions
[2025/7/12 16:29:08] [Info] unrecognized RECORD name PrinterOptions
[2025/7/12 16:29:08] [Info] unrecognized RECORD name PrinterOptions
[2025/7/12 16:29:08] [Info] unrecognized RECORD name PrinterOptions
[2025/7/12 16:29:08] [Info] unrecognized RECORD name PrinterOptions
[2025/7/12 16:29:08] [Info] unrecognized RECORD name PrinterOptions
[2025/7/12 16:29:08] [Info] unrecognized RECORD name PrinterOptions
[2025/7/12 16:29:08] [Info] unrecognized RECORD name PrinterOptions
[2025/7/12 16:29:08] [Info] unrecognized RECORD name PrinterOptions
[2025/7/12 16:29:08] [Info] unrecognized RECORD name PrinterOptions
[2025/7/12 16:29:08] [Info] unrecognized RECORD name PrinterOptions
[2025/7/12 16:29:08] [Info] unrecognized RECORD name PrinterOptions
[2025/7/12 16:29:08] [Info] unrecognized RECORD name PrinterOptions
[2025/7/12 16:29:08] [Info] unrecognized RECORD name PrinterOptions
[2025/7/12 16:29:08] [Info] unrecognized RECORD name PrinterOptions
[2025/7/12 16:29:08] [Info] unrecognized RECORD name PrinterOptions
[2025/7/12 16:29:08] [Info] unrecognized RECORD name PrinterOptions
[2025/7/12 16:29:08] [Info] unrecognized RECORD name PrinterOptions
[2025/7/12 16:29:08] [Info] unrecognized RECORD name GerberOptions
[2025/7/12 16:29:08] [Info] unrecognized RECORD name AdvancedPlacerOptions
[2025/7/12 16:29:08] [Info] unrecognized RECORD name DesignRuleCheckerOptions
[2025/7/12 16:29:08] [Info] unrecognized RECORD name PinSwapOptions
[2025/7/12 16:29:08] [Info] unrecognized RECORD name TestpointOptions
[2025/7/12 16:29:08] [Info] unrecognized RECORD name Connection
[2025/7/12 16:29:08] [Info] unrecognized RECORD name Connection
[2025/7/12 16:29:08] [Info] unrecognized RECORD name Connection
[2025/7/12 16:29:08] [Info] unrecognized RECORD name Rule
[2025/7/12 16:29:08] [Info] unrecognized RECORD name Rule
[2025/7/12 16:29:08] [Info] unrecognized RECORD name Rule
[2025/7/12 16:29:08] [Info] unrecognized RECORD name Rule
[2025/7/12 16:29:08] [Info] unrecognized RECORD name Rule
[2025/7/12 16:29:08] [Info] unrecognized RECORD name Rule
[2025/7/12 16:29:08] [Info] unrecognized RECORD name Rule
[2025/7/12 16:29:08] [Info] unrecognized RECORD name Rule
[2025/7/12 16:29:08] [Info] unrecognized RECORD name Rule
[2025/7/12 16:29:08] [Info] unrecognized RECORD name Rule
[2025/7/12 16:29:08] [Info] unrecognized RECORD name Rule
[2025/7/12 16:29:08] [Info] unrecognized RECORD name Rule
[2025/7/12 16:29:08] [Info] unrecognized RECORD name Rule
[2025/7/12 16:29:08] [Info] unrecognized RECORD name Rule
[2025/7/12 16:29:08] [Info] unrecognized RECORD name Rule
[2025/7/12 16:29:08] [Info] unrecognized RECORD name Rule
[2025/7/12 16:29:08] [Info] unrecognized RECORD name Rule
[2025/7/12 16:29:08] [Info] unrecognized RECORD name Rule
[2025/7/12 16:29:08] [Info] unrecognized RECORD name Rule
[2025/7/12 16:29:08] [Info] unrecognized RECORD name Rule
[2025/7/12 16:29:08] [Info] unrecognized RECORD name Rule
[2025/7/12 16:29:08] [Info] unrecognized RECORD name Rule
[2025/7/12 16:29:08] [Info] unrecognized RECORD name Rule
[2025/7/12 16:29:08] [Info] unrecognized RECORD name Rule
[2025/7/12 16:29:08] [Info] unrecognized RECORD name Rule
[2025/7/12 16:29:08] [Info] unrecognized RECORD name Rule
[2025/7/12 16:29:08] [Info] unrecognized RECORD name Rule
[2025/7/12 16:29:08] [Info] unrecognized RECORD name Rule
[2025/7/12 16:29:08] [Info] unrecognized RECORD name Rule
[2025/7/12 16:29:08] [Info] unrecognized RECORD name Rule
[2025/7/12 16:29:08] [Info] unrecognized RECORD name Rule
[2025/7/12 16:29:08] [Info] unrecognized RECORD name Rule
[2025/7/12 16:29:08] [Info] unrecognized RECORD name Rule
[2025/7/12 16:29:08] [Info] unrecognized RECORD name Rule
[2025/7/12 16:29:08] [Info] unrecognized RECORD name Rule
[2025/7/12 16:29:08] [Info] ignore Region without outline
